# JRE version: Java(TM) SE Runtime Environment (8.0_144-b01) (build 1.8.0_144-b01)
# Java VM: Java HotSpot(TM) 64-Bit Server VM (25.144-b01 mixed mode windows-amd64 compressed oops)
Heap:
 PSYoungGen      total 111104K, used 15349K [0x000000076ab00000, 0x0000000772d00000, 0x00000007c0000000)
  eden space 95232K, 16% used [0x000000076ab00000,0x000000076b9fd758,0x0000000770800000)
  from space 15872K, 0% used [0x0000000771880000,0x0000000771880000,0x0000000772800000)
  to   space 16896K, 0% used [0x0000000770800000,0x0000000770800000,0x0000000771880000)
 ParOldGen       total 114688K, used 32635K [0x00000006c0000000, 0x00000006c7000000, 0x000000076ab00000)
  object space 114688K, 28% used [0x00000006c0000000,0x00000006c1fdee30,0x00000006c7000000)
 Metaspace       used 47166K, capacity 47754K, committed 48000K, reserved 1091584K
  class space    used 5592K, capacity 5759K, committed 5760K, reserved 1048576K
GC Heap History (10 events):
Event: 4.200 GC heap before
{Heap before GC invocations=7 (full 1):
 PSYoungGen      total 76288K, used 74144K [0x000000076ab00000, 0x0000000772800000, 0x00000007c0000000)
  eden space 65536K, 100% used [0x000000076ab00000,0x000000076eb00000,0x000000076eb00000)
  from space 10752K, 80% used [0x000000076eb00000,0x000000076f368050,0x000000076f580000)
  to   space 15872K, 0% used [0x0000000771880000,0x0000000771880000,0x0000000772800000)
 ParOldGen       total 114688K, used 13345K [0x00000006c0000000, 0x00000006c7000000, 0x000000076ab00000)
  object space 114688K, 11% used [0x00000006c0000000,0x00000006c0d086b8,0x00000006c7000000)
 Metaspace       used 29926K, capacity 30374K, committed 30720K, reserved 1077248K
  class space    used 3661K, capacity 3777K, committed 3840K, reserved 1048576K
Event: 4.210 GC heap after
Heap after GC invocations=7 (full 1):
 PSYoungGen      total 111104K, used 14377K [0x000000076ab00000, 0x0000000772d00000, 0x00000007c0000000)
  eden space 95232K, 0% used [0x000000076ab00000,0x000000076ab00000,0x0000000770800000)
  from space 15872K, 90% used [0x0000000771880000,0x000000077268a7b0,0x0000000772800000)
  to   space 16896K, 0% used [0x0000000770800000,0x0000000770800000,0x0000000771880000)
 ParOldGen       total 114688K, used 13353K [0x00000006c0000000, 0x00000006c7000000, 0x000000076ab00000)
  object space 114688K, 11% used [0x00000006c0000000,0x00000006c0d0a6b8,0x00000006c7000000)
 Metaspace       used 29926K, capacity 30374K, committed 30720K, reserved 1077248K
  class space    used 3661K, capacity 3777K, committed 3840K, reserved 1048576K
}
Event: 4.794 GC heap before
{Heap before GC invocations=8 (full 1):
 PSYoungGen      total 111104K, used 62674K [0x000000076ab00000, 0x0000000772d00000, 0x00000007c0000000)
  eden space 95232K, 50% used [0x000000076ab00000,0x000000076da2a238,0x0000000770800000)
  from space 15872K, 90% used [0x0000000771880000,0x000000077268a7b0,0x0000000772800000)
  to   space 16896K, 0% used [0x0000000770800000,0x0000000770800000,0x0000000771880000)
 ParOldGen       total 114688K, used 13353K [0x00000006c0000000, 0x00000006c7000000, 0x000000076ab00000)
  object space 114688K, 11% used [0x00000006c0000000,0x00000006c0d0a6b8,0x00000006c7000000)
 Metaspace       used 34778K, capacity 35244K, committed 35496K, reserved 1081344K
  class space    used 4231K, capacity 4338K, committed 4352K, reserved 1048576K
Event: 4.803 GC heap after
Heap after GC invocations=8 (full 1):
 PSYoungGen      total 112128K, used 15606K [0x000000076ab00000, 0x0000000772d00000, 0x00000007c0000000)
  eden space 95232K, 0% used [0x000000076ab00000,0x000000076ab00000,0x0000000770800000)
  from space 16896K, 92% used [0x0000000770800000,0x000000077173d8d0,0x0000000771880000)
  to   space 15872K, 0% used [0x0000000771880000,0x0000000771880000,0x0000000772800000)
 ParOldGen       total 114688K, used 13361K [0x00000006c0000000, 0x00000006c7000000, 0x000000076ab00000)
  object space 114688K, 11% used [0x00000006c0000000,0x00000006c0d0c6b8,0x00000006c7000000)
 Metaspace       used 34778K, capacity 35244K, committed 35496K, reserved 1081344K
  class space    used 4231K, capacity 4338K, committed 4352K, reserved 1048576K
}
Event: 4.803 GC heap before
{Heap before GC invocations=9 (full 2):
 PSYoungGen      total 112128K, used 15606K [0x000000076ab00000, 0x0000000772d00000, 0x00000007c0000000)
  eden space 95232K, 0% used [0x000000076ab00000,0x000000076ab00000,0x0000000770800000)
  from space 16896K, 92% used [0x0000000770800000,0x000000077173d8d0,0x0000000771880000)
  to   space 15872K, 0% used [0x0000000771880000,0x0000000771880000,0x0000000772800000)
 ParOldGen       total 114688K, used 13361K [0x00000006c0000000, 0x00000006c7000000, 0x000000076ab00000)
  object space 114688K, 11% used [0x00000006c0000000,0x00000006c0d0c6b8,0x00000006c7000000)
 Metaspace       used 34778K, capacity 35244K, committed 35496K, reserved 1081344K
  class space    used 4231K, capacity 4338K, committed 4352K, reserved 1048576K
Event: 4.876 GC heap after
Heap after GC invocations=9 (full 2):
 PSYoungGen      total 112128K, used 0K [0x000000076ab00000, 0x0000000772d00000, 0x00000007c0000000)
  eden space 95232K, 0% used [0x000000076ab00000,0x000000076ab00000,0x0000000770800000)
  from space 16896K, 0% used [0x0000000770800000,0x0000000770800000,0x0000000771880000)
  to   space 15872K, 0% used [0x0000000771880000,0x0000000771880000,0x0000000772800000)
 ParOldGen       total 114688K, used 25758K [0x00000006c0000000, 0x00000006c7000000, 0x000000076ab00000)
  object space 114688K, 22% used [0x00000006c0000000,0x00000006c1927a10,0x00000006c7000000)
 Metaspace       used 34778K, capacity 35244K, committed 35496K, reserved 1081344K
  class space    used 4231K, capacity 4338K, committed 4352K, reserved 1048576K
}
Event: 6.018 GC heap before
{Heap before GC invocations=10 (full 2):
 PSYoungGen      total 112128K, used 92958K [0x000000076ab00000, 0x0000000772d00000, 0x00000007c0000000)
  eden space 95232K, 97% used [0x000000076ab00000,0x00000007705c7bf8,0x0000000770800000)
  from space 16896K, 0% used [0x0000000770800000,0x0000000770800000,0x0000000771880000)
  to   space 15872K, 0% used [0x0000000771880000,0x0000000771880000,0x0000000772800000)
 ParOldGen       total 114688K, used 25758K [0x00000006c0000000, 0x00000006c7000000, 0x000000076ab00000)
  object space 114688K, 22% used [0x00000006c0000000,0x00000006c1927a10,0x00000006c7000000)
 Metaspace       used 45118K, capacity 45706K, committed 45952K, reserved 1089536K
  class space    used 5365K, capacity 5503K, committed 5504K, reserved 1048576K
Event: 6.037 GC heap after
Heap after GC invocations=10 (full 2):
 PSYoungGen      total 111104K, used 10849K [0x000000076ab00000, 0x0000000772d00000, 0x00000007c0000000)
  eden space 95232K, 0% used [0x000000076ab00000,0x000000076ab00000,0x0000000770800000)
  from space 15872K, 68% used [0x0000000771880000,0x00000007723186d0,0x0000000772800000)
  to   space 16896K, 0% used [0x0000000770800000,0x0000000770800000,0x0000000771880000)
 ParOldGen       total 114688K, used 25766K [0x00000006c0000000, 0x00000006c7000000, 0x000000076ab00000)
  object space 114688K, 22% used [0x00000006c0000000,0x00000006c1929a10,0x00000006c7000000)
 Metaspace       used 45118K, capacity 45706K, committed 45952K, reserved 1089536K
  class space    used 5365K, capacity 5503K, committed 5504K, reserved 1048576K
}
Event: 6.037 GC heap before
{Heap before GC invocations=11 (full 3):
 PSYoungGen      total 111104K, used 10849K [0x000000076ab00000, 0x0000000772d00000, 0x00000007c0000000)
  eden space 95232K, 0% used [0x000000076ab00000,0x000000076ab00000,0x0000000770800000)
  from space 15872K, 68% used [0x0000000771880000,0x00000007723186d0,0x0000000772800000)
  to   space 16896K, 0% used [0x0000000770800000,0x0000000770800000,0x0000000771880000)
 ParOldGen       total 114688K, used 25766K [0x00000006c0000000, 0x00000006c7000000, 0x000000076ab00000)
  object space 114688K, 22% used [0x00000006c0000000,0x00000006c1929a10,0x00000006c7000000)
 Metaspace       used 45118K, capacity 45706K, committed 45952K, reserved 1089536K
  class space    used 5365K, capacity 5503K, committed 5504K, reserved 1048576K
Event: 6.256 GC heap after
Heap after GC invocations=11 (full 3):
 PSYoungGen      total 111104K, used 0K [0x000000076ab00000, 0x0000000772d00000, 0x00000007c0000000)
  eden space 95232K, 0% used [0x000000076ab00000,0x000000076ab00000,0x0000000770800000)
  from space 15872K, 0% used [0x0000000771880000,0x0000000771880000,0x0000000772800000)
  to   space 16896K, 0% used [0x0000000770800000,0x0000000770800000,0x0000000771880000)
 ParOldGen       total 114688K, used 32635K [0x00000006c0000000, 0x00000006c7000000, 0x000000076ab00000)
  object space 114688K, 28% used [0x00000006c0000000,0x00000006c1fdee30,0x00000006c7000000)
 Metaspace       used 45118K, capacity 45706K, committed 45952K, reserved 1089536K
  class space    used 5365K, capacity 5503K, committed 5504K, reserved 1048576K
}

