# JRE version: Java(TM) SE Runtime Environment (8.0_144-b01) (build 1.8.0_144-b01)
# Java VM: Java HotSpot(TM) 64-Bit Server VM (25.144-b01 mixed mode windows-amd64 compressed oops)
Heap:
 PSYoungGen      total 153600K, used 606K [0x000000076ab00000, 0x0000000776380000, 0x00000007c0000000)
  eden space 141312K, 0% used [0x000000076ab00000,0x000000076ab00000,0x0000000773500000)
  from space 12288K, 4% used [0x0000000775780000,0x00000007758179f0,0x0000000776380000)
  to   space 17408K, 0% used [0x0000000774180000,0x0000000774180000,0x0000000775280000)
 ParOldGen       total 109568K, used 57522K [0x00000006c0000000, 0x00000006c6b00000, 0x000000076ab00000)
  object space 109568K, 52% used [0x00000006c0000000,0x00000006c382c970,0x00000006c6b00000)
 Metaspace       used 54272K, capacity 54820K, committed 55168K, reserved 1105920K
  class space    used 6382K, capacity 6505K, committed 6528K, reserved 1048576K
GC Heap History (10 events):
Event: 5.084 GC heap before
{Heap before GC invocations=8 (full 1):
 PSYoungGen      total 114688K, used 60109K [0x000000076ab00000, 0x0000000773400000, 0x00000007c0000000)
  eden space 98816K, 46% used [0x000000076ab00000,0x000000076d78ced8,0x0000000770b80000)
  from space 15872K, 91% used [0x0000000771c00000,0x0000000772a26568,0x0000000772b80000)
  to   space 16896K, 0% used [0x0000000770b80000,0x0000000770b80000,0x0000000771c00000)
 ParOldGen       total 109568K, used 13358K [0x00000006c0000000, 0x00000006c6b00000, 0x000000076ab00000)
  object space 109568K, 12% used [0x00000006c0000000,0x00000006c0d0b9f0,0x00000006c6b00000)
 Metaspace       used 34710K, capacity 35178K, committed 35496K, reserved 1081344K
  class space    used 4216K, capacity 4337K, committed 4352K, reserved 1048576K
Event: 5.094 GC heap after
Heap after GC invocations=8 (full 1):
 PSYoungGen      total 115712K, used 15292K [0x000000076ab00000, 0x0000000776900000, 0x00000007c0000000)
  eden space 98816K, 0% used [0x000000076ab00000,0x000000076ab00000,0x0000000770b80000)
  from space 16896K, 90% used [0x0000000770b80000,0x0000000771a6f3a8,0x0000000771c00000)
  to   space 17920K, 0% used [0x0000000775780000,0x0000000775780000,0x0000000776900000)
 ParOldGen       total 109568K, used 13366K [0x00000006c0000000, 0x00000006c6b00000, 0x000000076ab00000)
  object space 109568K, 12% used [0x00000006c0000000,0x00000006c0d0d9f0,0x00000006c6b00000)
 Metaspace       used 34710K, capacity 35178K, committed 35496K, reserved 1081344K
  class space    used 4216K, capacity 4337K, committed 4352K, reserved 1048576K
}
Event: 5.094 GC heap before
{Heap before GC invocations=9 (full 2):
 PSYoungGen      total 115712K, used 15292K [0x000000076ab00000, 0x0000000776900000, 0x00000007c0000000)
  eden space 98816K, 0% used [0x000000076ab00000,0x000000076ab00000,0x0000000770b80000)
  from space 16896K, 90% used [0x0000000770b80000,0x0000000771a6f3a8,0x0000000771c00000)
  to   space 17920K, 0% used [0x0000000775780000,0x0000000775780000,0x0000000776900000)
 ParOldGen       total 109568K, used 13366K [0x00000006c0000000, 0x00000006c6b00000, 0x000000076ab00000)
  object space 109568K, 12% used [0x00000006c0000000,0x00000006c0d0d9f0,0x00000006c6b00000)
 Metaspace       used 34710K, capacity 35178K, committed 35496K, reserved 1081344K
  class space    used 4216K, capacity 4337K, committed 4352K, reserved 1048576K
Event: 5.182 GC heap after
Heap after GC invocations=9 (full 2):
 PSYoungGen      total 115712K, used 0K [0x000000076ab00000, 0x0000000776900000, 0x00000007c0000000)
  eden space 98816K, 0% used [0x000000076ab00000,0x000000076ab00000,0x0000000770b80000)
  from space 16896K, 0% used [0x0000000770b80000,0x0000000770b80000,0x0000000771c00000)
  to   space 17920K, 0% used [0x0000000775780000,0x0000000775780000,0x0000000776900000)
 ParOldGen       total 109568K, used 25432K [0x00000006c0000000, 0x00000006c6b00000, 0x000000076ab00000)
  object space 109568K, 23% used [0x00000006c0000000,0x00000006c18d6298,0x00000006c6b00000)
 Metaspace       used 34710K, capacity 35178K, committed 35496K, reserved 1081344K
  class space    used 4216K, capacity 4337K, committed 4352K, reserved 1048576K
}
Event: 6.667 GC heap before
{Heap before GC invocations=10 (full 2):
 PSYoungGen      total 115712K, used 98816K [0x000000076ab00000, 0x0000000776900000, 0x00000007c0000000)
  eden space 98816K, 100% used [0x000000076ab00000,0x0000000770b80000,0x0000000770b80000)
  from space 16896K, 0% used [0x0000000770b80000,0x0000000770b80000,0x0000000771c00000)
  to   space 17920K, 0% used [0x0000000775780000,0x0000000775780000,0x0000000776900000)
 ParOldGen       total 109568K, used 25432K [0x00000006c0000000, 0x00000006c6b00000, 0x000000076ab00000)
  object space 109568K, 23% used [0x00000006c0000000,0x00000006c18d6298,0x00000006c6b00000)
 Metaspace       used 46093K, capacity 46664K, committed 47104K, reserved 1091584K
  class space    used 5473K, capacity 5630K, committed 5632K, reserved 1048576K
Event: 6.679 GC heap after
Heap after GC invocations=10 (full 2):
 PSYoungGen      total 153600K, used 11888K [0x000000076ab00000, 0x0000000776380000, 0x00000007c0000000)
  eden space 141312K, 0% used [0x000000076ab00000,0x000000076ab00000,0x0000000773500000)
  from space 12288K, 96% used [0x0000000775780000,0x000000077631c2a0,0x0000000776380000)
  to   space 17408K, 0% used [0x0000000774180000,0x0000000774180000,0x0000000775280000)
 ParOldGen       total 109568K, used 25459K [0x00000006c0000000, 0x00000006c6b00000, 0x000000076ab00000)
  object space 109568K, 23% used [0x00000006c0000000,0x00000006c18dcee8,0x00000006c6b00000)
 Metaspace       used 46093K, capacity 46664K, committed 47104K, reserved 1091584K
  class space    used 5473K, capacity 5630K, committed 5632K, reserved 1048576K
}
Event: 8.459 GC heap before
{Heap before GC invocations=11 (full 2):
 PSYoungGen      total 153600K, used 152732K [0x000000076ab00000, 0x0000000776380000, 0x00000007c0000000)
  eden space 141312K, 99% used [0x000000076ab00000,0x000000077348af00,0x0000000773500000)
  from space 12288K, 96% used [0x0000000775780000,0x000000077631c2a0,0x0000000776380000)
  to   space 17408K, 0% used [0x0000000774180000,0x0000000774180000,0x0000000775280000)
 ParOldGen       total 109568K, used 25459K [0x00000006c0000000, 0x00000006c6b00000, 0x000000076ab00000)
  object space 109568K, 23% used [0x00000006c0000000,0x00000006c18dcee8,0x00000006c6b00000)
 Metaspace       used 53966K, capacity 54532K, committed 54912K, reserved 1103872K
  class space    used 6339K, capacity 6473K, committed 6528K, reserved 1048576K
Event: 8.493 GC heap after
Heap after GC invocations=11 (full 2):
 PSYoungGen      total 158720K, used 17395K [0x000000076ab00000, 0x0000000776380000, 0x00000007c0000000)
  eden space 141312K, 0% used [0x000000076ab00000,0x000000076ab00000,0x0000000773500000)
  from space 17408K, 99% used [0x0000000774180000,0x000000077527cec8,0x0000000775280000)
  to   space 12288K, 0% used [0x0000000775780000,0x0000000775780000,0x0000000776380000)
 ParOldGen       total 109568K, used 45067K [0x00000006c0000000, 0x00000006c6b00000, 0x000000076ab00000)
  object space 109568K, 41% used [0x00000006c0000000,0x00000006c2c02ec8,0x00000006c6b00000)
 Metaspace       used 53966K, capacity 54532K, committed 54912K, reserved 1103872K
  class space    used 6339K, capacity 6473K, committed 6528K, reserved 1048576K
}
Event: 8.493 GC heap before
{Heap before GC invocations=12 (full 3):
 PSYoungGen      total 158720K, used 17395K [0x000000076ab00000, 0x0000000776380000, 0x00000007c0000000)
  eden space 141312K, 0% used [0x000000076ab00000,0x000000076ab00000,0x0000000773500000)
  from space 17408K, 99% used [0x0000000774180000,0x000000077527cec8,0x0000000775280000)
  to   space 12288K, 0% used [0x0000000775780000,0x0000000775780000,0x0000000776380000)
 ParOldGen       total 109568K, used 45067K [0x00000006c0000000, 0x00000006c6b00000, 0x000000076ab00000)
  object space 109568K, 41% used [0x00000006c0000000,0x00000006c2c02ec8,0x00000006c6b00000)
 Metaspace       used 53966K, capacity 54532K, committed 54912K, reserved 1103872K
  class space    used 6339K, capacity 6473K, committed 6528K, reserved 1048576K
Event: 8.730 GC heap after
Heap after GC invocations=12 (full 3):
 PSYoungGen      total 158720K, used 0K [0x000000076ab00000, 0x0000000776380000, 0x00000007c0000000)
  eden space 141312K, 0% used [0x000000076ab00000,0x000000076ab00000,0x0000000773500000)
  from space 17408K, 0% used [0x0000000774180000,0x0000000774180000,0x0000000775280000)
  to   space 12288K, 0% used [0x0000000775780000,0x0000000775780000,0x0000000776380000)
 ParOldGen       total 109568K, used 57522K [0x00000006c0000000, 0x00000006c6b00000, 0x000000076ab00000)
  object space 109568K, 52% used [0x00000006c0000000,0x00000006c382c970,0x00000006c6b00000)
 Metaspace       used 53966K, capacity 54532K, committed 54912K, reserved 1101824K
  class space    used 6339K, capacity 6473K, committed 6528K, reserved 1048576K
}

