# JRE version: Java(TM) SE Runtime Environment (8.0_144-b01) (build 1.8.0_144-b01)
# Java VM: Java HotSpot(TM) 64-Bit Server VM (25.144-b01 mixed mode windows-amd64 compressed oops)
Heap:
 PSYoungGen      total 144896K, used 38595K [0x000000076ab00000, 0x0000000775800000, 0x00000007c0000000)
  eden space 129536K, 29% used [0x000000076ab00000,0x000000076d0b0eb0,0x0000000772980000)
  from space 15360K, 0% used [0x0000000774900000,0x0000000774900000,0x0000000775800000)
  to   space 10752K, 0% used [0x0000000772980000,0x0000000772980000,0x0000000773400000)
 ParOldGen       total 115712K, used 28439K [0x00000006c0000000, 0x00000006c7100000, 0x000000076ab00000)
  object space 115712K, 24% used [0x00000006c0000000,0x00000006c1bc5f70,0x00000006c7100000)
 Metaspace       used 38804K, capacity 39398K, committed 39680K, reserved 1083392K
  class space    used 4674K, capacity 4823K, committed 4864K, reserved 1048576K
GC Heap History (10 events):
Event: 2.837 GC heap before
{Heap before GC invocations=4 (full 1):
 PSYoungGen      total 76288K, used 10739K [0x000000076ab00000, 0x0000000774000000, 0x00000007c0000000)
  eden space 65536K, 0% used [0x000000076ab00000,0x000000076ab00000,0x000000076eb00000)
  from space 10752K, 99% used [0x000000076eb00000,0x000000076f57cc58,0x000000076f580000)
  to   space 10752K, 0% used [0x0000000773580000,0x0000000773580000,0x0000000774000000)
 ParOldGen       total 175104K, used 5543K [0x00000006c0000000, 0x00000006cab00000, 0x000000076ab00000)
  object space 175104K, 3% used [0x00000006c0000000,0x00000006c0569f90,0x00000006cab00000)
 Metaspace       used 20741K, capacity 21004K, committed 21296K, reserved 1069056K
  class space    used 2596K, capacity 2670K, committed 2688K, reserved 1048576K
Event: 2.870 GC heap after
Heap after GC invocations=4 (full 1):
 PSYoungGen      total 76288K, used 0K [0x000000076ab00000, 0x0000000774000000, 0x00000007c0000000)
  eden space 65536K, 0% used [0x000000076ab00000,0x000000076ab00000,0x000000076eb00000)
  from space 10752K, 0% used [0x000000076eb00000,0x000000076eb00000,0x000000076f580000)
  to   space 10752K, 0% used [0x0000000773580000,0x0000000773580000,0x0000000774000000)
 ParOldGen       total 115712K, used 13333K [0x00000006c0000000, 0x00000006c7100000, 0x000000076ab00000)
  object space 115712K, 11% used [0x00000006c0000000,0x00000006c0d05730,0x00000006c7100000)
 Metaspace       used 20741K, capacity 21004K, committed 21296K, reserved 1069056K
  class space    used 2596K, capacity 2670K, committed 2688K, reserved 1048576K
}
Event: 3.834 GC heap before
{Heap before GC invocations=5 (full 1):
 PSYoungGen      total 76288K, used 65536K [0x000000076ab00000, 0x0000000774000000, 0x00000007c0000000)
  eden space 65536K, 100% used [0x000000076ab00000,0x000000076eb00000,0x000000076eb00000)
  from space 10752K, 0% used [0x000000076eb00000,0x000000076eb00000,0x000000076f580000)
  to   space 10752K, 0% used [0x0000000773580000,0x0000000773580000,0x0000000774000000)
 ParOldGen       total 115712K, used 13333K [0x00000006c0000000, 0x00000006c7100000, 0x000000076ab00000)
  object space 115712K, 11% used [0x00000006c0000000,0x00000006c0d05730,0x00000006c7100000)
 Metaspace       used 27894K, capacity 28430K, committed 28672K, reserved 1075200K
  class space    used 3441K, capacity 3581K, committed 3584K, reserved 1048576K
Event: 3.842 GC heap after
Heap after GC invocations=5 (full 1):
 PSYoungGen      total 107008K, used 9060K [0x000000076ab00000, 0x0000000773e80000, 0x00000007c0000000)
  eden space 97792K, 0% used [0x000000076ab00000,0x000000076ab00000,0x0000000770a80000)
  from space 9216K, 98% used [0x0000000773580000,0x0000000773e59080,0x0000000773e80000)
  to   space 10752K, 0% used [0x0000000772980000,0x0000000772980000,0x0000000773400000)
 ParOldGen       total 115712K, used 13341K [0x00000006c0000000, 0x00000006c7100000, 0x000000076ab00000)
  object space 115712K, 11% used [0x00000006c0000000,0x00000006c0d07730,0x00000006c7100000)
 Metaspace       used 27894K, capacity 28430K, committed 28672K, reserved 1075200K
  class space    used 3441K, capacity 3581K, committed 3584K, reserved 1048576K
}
Event: 4.521 GC heap before
{Heap before GC invocations=6 (full 1):
 PSYoungGen      total 107008K, used 106852K [0x000000076ab00000, 0x0000000773e80000, 0x00000007c0000000)
  eden space 97792K, 100% used [0x000000076ab00000,0x0000000770a80000,0x0000000770a80000)
  from space 9216K, 98% used [0x0000000773580000,0x0000000773e59080,0x0000000773e80000)
  to   space 10752K, 0% used [0x0000000772980000,0x0000000772980000,0x0000000773400000)
 ParOldGen       total 115712K, used 13341K [0x00000006c0000000, 0x00000006c7100000, 0x000000076ab00000)
  object space 115712K, 11% used [0x00000006c0000000,0x00000006c0d07730,0x00000006c7100000)
 Metaspace       used 29188K, capacity 29670K, committed 30208K, reserved 1075200K
  class space    used 3586K, capacity 3713K, committed 3840K, reserved 1048576K
Event: 4.530 GC heap after
Heap after GC invocations=6 (full 1):
 PSYoungGen      total 140288K, used 10740K [0x000000076ab00000, 0x0000000775800000, 0x00000007c0000000)
  eden space 129536K, 0% used [0x000000076ab00000,0x000000076ab00000,0x0000000772980000)
  from space 10752K, 99% used [0x0000000772980000,0x00000007733fd350,0x0000000773400000)
  to   space 15360K, 0% used [0x0000000774900000,0x0000000774900000,0x0000000775800000)
 ParOldGen       total 115712K, used 14325K [0x00000006c0000000, 0x00000006c7100000, 0x000000076ab00000)
  object space 115712K, 12% used [0x00000006c0000000,0x00000006c0dfd520,0x00000006c7100000)
 Metaspace       used 29188K, capacity 29670K, committed 30208K, reserved 1075200K
  class space    used 3586K, capacity 3713K, committed 3840K, reserved 1048576K
}
Event: 5.288 GC heap before
{Heap before GC invocations=7 (full 1):
 PSYoungGen      total 140288K, used 90903K [0x000000076ab00000, 0x0000000775800000, 0x00000007c0000000)
  eden space 129536K, 61% used [0x000000076ab00000,0x000000076f948ba0,0x0000000772980000)
  from space 10752K, 99% used [0x0000000772980000,0x00000007733fd350,0x0000000773400000)
  to   space 15360K, 0% used [0x0000000774900000,0x0000000774900000,0x0000000775800000)
 ParOldGen       total 115712K, used 14325K [0x00000006c0000000, 0x00000006c7100000, 0x000000076ab00000)
  object space 115712K, 12% used [0x00000006c0000000,0x00000006c0dfd520,0x00000006c7100000)
 Metaspace       used 34772K, capacity 35250K, committed 35496K, reserved 1081344K
  class space    used 4225K, capacity 4339K, committed 4352K, reserved 1048576K
Event: 5.300 GC heap after
Heap after GC invocations=7 (full 1):
 PSYoungGen      total 144896K, used 15328K [0x000000076ab00000, 0x0000000775800000, 0x00000007c0000000)
  eden space 129536K, 0% used [0x000000076ab00000,0x000000076ab00000,0x0000000772980000)
  from space 15360K, 99% used [0x0000000774900000,0x00000007757f81a8,0x0000000775800000)
  to   space 10752K, 0% used [0x0000000772980000,0x0000000772980000,0x0000000773400000)
 ParOldGen       total 115712K, used 17443K [0x00000006c0000000, 0x00000006c7100000, 0x000000076ab00000)
  object space 115712K, 15% used [0x00000006c0000000,0x00000006c1108fb0,0x00000006c7100000)
 Metaspace       used 34772K, capacity 35250K, committed 35496K, reserved 1081344K
  class space    used 4225K, capacity 4339K, committed 4352K, reserved 1048576K
}
Event: 5.300 GC heap before
{Heap before GC invocations=8 (full 2):
 PSYoungGen      total 144896K, used 15328K [0x000000076ab00000, 0x0000000775800000, 0x00000007c0000000)
  eden space 129536K, 0% used [0x000000076ab00000,0x000000076ab00000,0x0000000772980000)
  from space 15360K, 99% used [0x0000000774900000,0x00000007757f81a8,0x0000000775800000)
  to   space 10752K, 0% used [0x0000000772980000,0x0000000772980000,0x0000000773400000)
 ParOldGen       total 115712K, used 17443K [0x00000006c0000000, 0x00000006c7100000, 0x000000076ab00000)
  object space 115712K, 15% used [0x00000006c0000000,0x00000006c1108fb0,0x00000006c7100000)
 Metaspace       used 34772K, capacity 35250K, committed 35496K, reserved 1081344K
  class space    used 4225K, capacity 4339K, committed 4352K, reserved 1048576K
Event: 5.374 GC heap after
Heap after GC invocations=8 (full 2):
 PSYoungGen      total 144896K, used 0K [0x000000076ab00000, 0x0000000775800000, 0x00000007c0000000)
  eden space 129536K, 0% used [0x000000076ab00000,0x000000076ab00000,0x0000000772980000)
  from space 15360K, 0% used [0x0000000774900000,0x0000000774900000,0x0000000775800000)
  to   space 10752K, 0% used [0x0000000772980000,0x0000000772980000,0x0000000773400000)
 ParOldGen       total 115712K, used 28439K [0x00000006c0000000, 0x00000006c7100000, 0x000000076ab00000)
  object space 115712K, 24% used [0x00000006c0000000,0x00000006c1bc5f70,0x00000006c7100000)
 Metaspace       used 34772K, capacity 35250K, committed 35496K, reserved 1081344K
  class space    used 4225K, capacity 4339K, committed 4352K, reserved 1048576K
}

